<?xml version="1.0" encoding="UTF-8"?>
<testng-results ignored="0" total="0" passed="0" failed="0" skipped="0">
  <reporter-output>
  </reporter-output>
  <suite started-at="2020-05-04T08:44:26 IST" name="TestCases.AppTest" finished-at="2020-05-04T08:44:26 IST" duration-ms="22">
    <groups>
    </groups>
    <test started-at="2020-05-04T08:44:26 IST" name="Command line test" finished-at="2020-05-04T08:44:26 IST" duration-ms="22">
    </test> <!-- Command line test -->
  </suite> <!-- TestCases.AppTest -->
</testng-results>
