<?xml version="1.0" encoding="UTF-8"?>
<testng-results ignored="0" total="1" passed="1" failed="0" skipped="0">
  <reporter-output>
  </reporter-output>
  <suite started-at="2020-05-03T22:29:54 IST" name="Default suite" finished-at="2020-05-03T22:32:32 IST" duration-ms="157935">
    <groups>
    </groups>
    <test started-at="2020-05-03T22:29:54 IST" name="Default test" finished-at="2020-05-03T22:32:32 IST" duration-ms="157935">
      <class name="TestCases.validateNavigationBar">
        <test-method is-config="true" signature="initialize()[pri:0, instance:TestCases.validateNavigationBar@7b4c50bc]" started-at="2020-05-03T22:29:54 IST" name="initialize" finished-at="2020-05-03T22:32:10 IST" duration-ms="135256" status="PASS">
          <reporter-output>
          </reporter-output>
        </test-method> <!-- initialize -->
        <test-method signature="validateAppNavBar()[pri:0, instance:TestCases.validateNavigationBar@7b4c50bc]" started-at="2020-05-03T22:32:10 IST" name="validateAppNavBar" finished-at="2020-05-03T22:32:11 IST" duration-ms="902" status="PASS">
          <reporter-output>
          </reporter-output>
        </test-method> <!-- validateAppNavBar -->
        <test-method is-config="true" signature="teardown()[pri:0, instance:TestCases.validateNavigationBar@7b4c50bc]" started-at="2020-05-03T22:32:11 IST" name="teardown" finished-at="2020-05-03T22:32:32 IST" duration-ms="21343" status="PASS">
          <reporter-output>
          </reporter-output>
        </test-method> <!-- teardown -->
      </class> <!-- TestCases.validateNavigationBar -->
    </test> <!-- Default test -->
  </suite> <!-- Default suite -->
</testng-results>
